2025-01-08 21:23:36,064 [INFO] Activator:176 - 


2025-01-08 21:23:36,065 [INFO] Activator:177 - !SESSION log4j initialized
2025-01-08 21:23:38,519 [INFO] LogOutputStream:77 - [STDOUT_REDIRECT] 
2025-01-08 21:23:45,671 [INFO] ApplicationProperties:184 - Using Application install path: D:\STM32CubeIDE_1.16.1\STM32CubeIDE\plugins\com.st.stm32cube.common.mx_6.12.1.202409122256
2025-01-08 21:23:45,687 [INFO] DbMcusXml:78 - Set database path to: D:\STM32CubeIDE_1.16.1\STM32CubeIDE\plugins\com.st.stm32cube.common.mx_6.12.1.202409122256\\db\/mcu/
2025-01-08 21:23:45,687 [INFO] ApiDb:274 - Set plugin database path to: D:\STM32CubeIDE_1.16.1\STM32CubeIDE\plugins\com.st.stm32cube.common.mx_6.12.1.202409122256\\db\/plugins/boardmanager/
2025-01-08 21:23:45,688 [WARN] ApiDb:259 - Overriding images path with different value:  => D:\STM32CubeIDE_1.16.1\STM32CubeIDE\plugins\com.st.stm32cube.common.mx_6.12.1.202409122256\\db\/plugins/mcufinder/images/
2025-01-08 21:23:45,691 [INFO] ApiDb:250 - Set database path to: C:\Users\AD\.stmcufinder\plugins\mcufinder//mcu/
2025-01-08 21:23:45,692 [INFO] DbMcusAds:125 - Set database path to: C:\Users\AD\.stmcufinder\plugins\mcufinder//mcu/
2025-01-08 21:23:45,694 [INFO] CrossReferenceDbSqlite:203 - Set database path to: C:\Users\AD\.stmcufinder\plugins\mcufinder//mcu/cs/
2025-01-08 21:23:45,799 [INFO] RulesReader:64 - Compatibility file has been processed (297 Rules)
2025-01-08 21:23:45,891 [INFO] DbMcusXml:78 - Set database path to: D:\STM32CubeIDE_1.16.1\STM32CubeIDE\plugins\com.st.stm32cube.common.mx_6.12.1.202409122256\\db\/mcu/
2025-01-08 21:23:45,891 [INFO] ApiDb:274 - Set plugin database path to: D:\STM32CubeIDE_1.16.1\STM32CubeIDE\plugins\com.st.stm32cube.common.mx_6.12.1.202409122256\\db\/plugins/boardmanager/
2025-01-08 21:23:45,892 [INFO] ApiDb:261 - Set plugin images path to: D:\STM32CubeIDE_1.16.1\STM32CubeIDE\plugins\com.st.stm32cube.common.mx_6.12.1.202409122256\\db\/plugins/mcufinder/images/
2025-01-08 21:23:45,892 [WARN] DbFile:41 - Overriding database path with different value: C:\Users\AD\.stmcufinder\plugins\mcufinder/ => C:\Users\AD\.stmcufinder\plugins\mcufinder
2025-01-08 21:23:45,892 [INFO] ApiDb:250 - Set database path to: C:\Users\AD\.stmcufinder\plugins\mcufinder//mcu/
2025-01-08 21:23:45,892 [WARN] DbFile:41 - Overriding database path with different value: C:\Users\AD\.stmcufinder\plugins\mcufinder/ => C:\Users\AD\.stmcufinder\plugins\mcufinder
2025-01-08 21:23:45,892 [INFO] DbMcusAds:125 - Set database path to: C:\Users\AD\.stmcufinder\plugins\mcufinder//mcu/
2025-01-08 21:23:45,892 [WARN] DbFile:41 - Overriding database path with different value: C:\Users\AD\.stmcufinder\plugins\mcufinder/ => C:\Users\AD\.stmcufinder\plugins\mcufinder
2025-01-08 21:23:45,893 [WARN] DbFile:41 - Overriding database path with different value: C:\Users\AD\.stmcufinder\plugins\mcufinder/ => C:\Users\AD\.stmcufinder\plugins\mcufinder
2025-01-08 21:23:45,893 [INFO] CrossReferenceDbSqlite:203 - Set database path to: C:\Users\AD\.stmcufinder\plugins\mcufinder//mcu/cs/
2025-01-08 21:23:45,962 [INFO] MainPanel:268 - HeapMemory: 268435456
2025-01-08 21:23:46,024 [INFO] DbMcusXml:78 - Set database path to: D:\STM32CubeIDE_1.16.1\STM32CubeIDE\plugins\com.st.stm32cube.common.mx_6.12.1.202409122256\\db\/mcu/
2025-01-08 21:23:46,025 [INFO] ApiDb:274 - Set plugin database path to: D:\STM32CubeIDE_1.16.1\STM32CubeIDE\plugins\com.st.stm32cube.common.mx_6.12.1.202409122256\\db\/plugins/boardmanager/
2025-01-08 21:23:46,025 [INFO] ApiDb:261 - Set plugin images path to: D:\STM32CubeIDE_1.16.1\STM32CubeIDE\plugins\com.st.stm32cube.common.mx_6.12.1.202409122256\\db\/plugins/mcufinder/images/
2025-01-08 21:23:46,025 [WARN] DbFile:41 - Overriding database path with different value: C:\Users\AD\.stmcufinder\plugins\mcufinder/ => C:\Users\AD\.stmcufinder\plugins\mcufinder
2025-01-08 21:23:46,025 [INFO] ApiDb:250 - Set database path to: C:\Users\AD\.stmcufinder\plugins\mcufinder//mcu/
2025-01-08 21:23:46,025 [WARN] DbFile:41 - Overriding database path with different value: C:\Users\AD\.stmcufinder\plugins\mcufinder/ => C:\Users\AD\.stmcufinder\plugins\mcufinder
2025-01-08 21:23:46,025 [INFO] DbMcusAds:125 - Set database path to: C:\Users\AD\.stmcufinder\plugins\mcufinder//mcu/
2025-01-08 21:23:46,025 [WARN] DbFile:41 - Overriding database path with different value: C:\Users\AD\.stmcufinder\plugins\mcufinder/ => C:\Users\AD\.stmcufinder\plugins\mcufinder
2025-01-08 21:23:46,025 [WARN] DbFile:41 - Overriding database path with different value: C:\Users\AD\.stmcufinder\plugins\mcufinder/ => C:\Users\AD\.stmcufinder\plugins\mcufinder
2025-01-08 21:23:46,026 [INFO] CrossReferenceDbSqlite:203 - Set database path to: C:\Users\AD\.stmcufinder\plugins\mcufinder//mcu/cs/
2025-01-08 21:23:46,041 [INFO] ApplicationProperties:184 - Using Application install path: D:\STM32CubeIDE_1.16.1\STM32CubeIDE\plugins\com.st.stm32cube.common.mx_6.12.1.202409122256
2025-01-08 21:23:46,042 [INFO] PluginManage:196 - Search for loadable plugins [exclusion list=, ]
2025-01-08 21:23:46,043 [INFO] PluginManage:310 - Check plugin analytics
2025-01-08 21:23:51,145 [INFO] AnalyticsPlugin:253 - Accepted Software Licenses: 
2025-01-08 21:23:51,146 [INFO] AnalyticsPlugin:255 - Accepted CMSIS Pack Licenses: 
2025-01-08 21:23:51,146 [INFO] AnalyticsPlugin:257 - Accepted Firmware Licenses: FW.F4.1.28.0
2025-01-08 21:23:51,151 [INFO] PluginManage:359 - Loaded plugin analytics (category:tool,tabindex:-1)
2025-01-08 21:23:51,152 [INFO] PluginManage:310 - Check plugin cadmodel
2025-01-08 21:23:51,158 [INFO] CADModel:105 - Init CAD model plugin
2025-01-08 21:23:51,158 [INFO] PluginManage:359 - Loaded plugin cadmodel (category:power,tabindex:5)
2025-01-08 21:23:51,158 [INFO] PluginManage:310 - Check plugin clock
2025-01-08 21:23:51,168 [INFO] PluginManage:359 - Loaded plugin clock (category:base,tabindex:2)
2025-01-08 21:23:51,168 [INFO] PluginManage:310 - Check plugin ddr
2025-01-08 21:23:51,170 [INFO] PluginManage:359 - Loaded plugin ddr (category:tool,tabindex:6)
2025-01-08 21:23:51,170 [INFO] PluginManage:310 - Check plugin filemanager
2025-01-08 21:23:51,302 [INFO] PluginManage:359 - Loaded plugin filemanager (category:base,tabindex:10)
2025-01-08 21:23:51,302 [INFO] PluginManage:310 - Check plugin ipmanager
2025-01-08 21:23:51,308 [INFO] PluginManage:359 - Loaded plugin ipmanager (category:base,tabindex:5)
2025-01-08 21:23:51,308 [INFO] PluginManage:310 - Check plugin lpbam
2025-01-08 21:23:51,312 [INFO] PluginManage:359 - Loaded plugin lpbam (category:base,tabindex:0)
2025-01-08 21:23:51,313 [INFO] PluginManage:310 - Check plugin memorymap
2025-01-08 21:23:51,323 [INFO] PluginManage:359 - Loaded plugin memorymap (category:base,tabindex:4)
2025-01-08 21:23:51,323 [INFO] PluginManage:310 - Check plugin pinoutandconfiguration
2025-01-08 21:23:51,328 [INFO] PluginManage:359 - Loaded plugin pinoutandconfiguration (category:base,tabindex:1)
2025-01-08 21:23:51,328 [INFO] PluginManage:310 - Check plugin pinoutconfig
2025-01-08 21:23:51,422 [WARN] SupportedApi:132 - Cannot load RTOS API schema: s4s-elt-must-match.1: The content of 'definitions' must match (annotation?, (simpleType | complexType)?, (unique | key | keyref)*)). A problem was found starting at: attribute.
2025-01-08 21:23:51,542 [INFO] PluginManage:359 - Loaded plugin pinoutconfig (category:base,tabindex:0)
2025-01-08 21:23:51,542 [INFO] PluginManage:310 - Check plugin power
2025-01-08 21:23:51,551 [INFO] PluginManage:359 - Loaded plugin power (category:power,tabindex:4)
2025-01-08 21:23:51,551 [INFO] PluginManage:310 - Check plugin projectmanager
2025-01-08 21:23:51,564 [INFO] PluginManage:359 - Loaded plugin projectmanager (category:projectmanager,tabindex:4)
2025-01-08 21:23:51,564 [INFO] PluginManage:310 - Check plugin rif
2025-01-08 21:23:51,568 [INFO] PluginManage:359 - Loaded plugin rif (category:base,tabindex:3)
2025-01-08 21:23:51,568 [INFO] PluginManage:310 - Check plugin thirdparty
2025-01-08 21:23:51,673 [WARN] IntegrityCheckThread:84 - waiting for thirdparty lock release [integrity check]
2025-01-08 21:23:51,673 [INFO] IntegrityCheckThread:86 - entering critical section [integrity check]
2025-01-08 21:23:51,674 [INFO] ThirdPartyUpdaterWithRetryManager:70 - Updater plugin not ready yet. [1/15]
2025-01-08 21:23:51,674 [INFO] PluginManage:359 - Loaded plugin thirdparty (category:base,tabindex:-1)
2025-01-08 21:23:51,674 [INFO] PluginManage:310 - Check plugin tools
2025-01-08 21:23:51,679 [INFO] PluginManage:359 - Loaded plugin tools (category:base,tabindex:7)
2025-01-08 21:23:51,679 [INFO] PluginManage:310 - Check plugin tutovideos
2025-01-08 21:23:51,809 [INFO] PluginManage:359 - Loaded plugin tutovideos (category:base,tabindex:-1)
2025-01-08 21:23:51,809 [INFO] PluginManage:310 - Check plugin updater
2025-01-08 21:23:51,826 [INFO] PluginManage:359 - Loaded plugin updater (category:base,tabindex:12)
2025-01-08 21:23:51,827 [INFO] PluginManage:310 - Check plugin userauth
2025-01-08 21:23:51,832 [INFO] UserAuth:113 - Init User Auth plugin
2025-01-08 21:23:51,833 [INFO] PluginManage:359 - Loaded plugin userauth (category:base,tabindex:14)
2025-01-08 21:23:51,833 [INFO] PluginManage:283 - PluginManage : Loaded plugins [18]
2025-01-08 21:23:52,008 [INFO] PinOutPanel:1561 - setPackage(No Configuration,No Configuration)
2025-01-08 21:23:52,072 [INFO] CADModel:165 - CPN selected for project level
2025-01-08 21:23:52,072 [INFO] CADModel:114 - Register for checkConnection events
2025-01-08 21:23:52,082 [INFO] IPUIPlugin:80 - create IPUIPlugin
2025-01-08 21:23:52,082 [INFO] PluginManager:220 - loadIPPluginJar : add adc
2025-01-08 21:23:52,083 [INFO] IPUIPlugin:80 - create IPUIPlugin
2025-01-08 21:23:52,083 [INFO] PluginManager:220 - loadIPPluginJar : add aes
2025-01-08 21:23:52,085 [INFO] IPUIPlugin:80 - create IPUIPlugin
2025-01-08 21:23:52,085 [INFO] PluginManager:220 - loadIPPluginJar : add can
2025-01-08 21:23:52,086 [INFO] IPUIPlugin:80 - create IPUIPlugin
2025-01-08 21:23:52,086 [INFO] PluginManager:220 - loadIPPluginJar : add comp
2025-01-08 21:23:52,087 [INFO] IPUIPlugin:80 - create IPUIPlugin
2025-01-08 21:23:52,087 [INFO] PluginManager:220 - loadIPPluginJar : add cryp
2025-01-08 21:23:52,089 [INFO] IPUIPlugin:80 - create IPUIPlugin
2025-01-08 21:23:52,089 [INFO] PluginManager:220 - loadIPPluginJar : add ddr_ctrl_phy
2025-01-08 21:23:52,090 [INFO] IPUIPlugin:80 - create IPUIPlugin
2025-01-08 21:23:52,091 [INFO] PluginManager:220 - loadIPPluginJar : add dfsdm
2025-01-08 21:23:52,094 [INFO] IPUIPlugin:80 - create IPUIPlugin
2025-01-08 21:23:52,095 [INFO] PluginManager:220 - loadIPPluginJar : add dma
2025-01-08 21:23:52,096 [INFO] IPUIPlugin:80 - create IPUIPlugin
2025-01-08 21:23:52,096 [INFO] PluginManager:220 - loadIPPluginJar : add dma3
2025-01-08 21:23:52,097 [INFO] IPUIPlugin:80 - create IPUIPlugin
2025-01-08 21:23:52,098 [INFO] PluginManager:220 - loadIPPluginJar : add extmemmanager
2025-01-08 21:23:52,098 [INFO] IPUIPlugin:80 - create IPUIPlugin
2025-01-08 21:23:52,098 [INFO] PluginManager:220 - loadIPPluginJar : add fatfs
2025-01-08 21:23:52,101 [INFO] IPUIPlugin:80 - create IPUIPlugin
2025-01-08 21:23:52,101 [INFO] PluginManager:220 - loadIPPluginJar : add fmc
2025-01-08 21:23:52,104 [INFO] IPUIPlugin:80 - create IPUIPlugin
2025-01-08 21:23:52,105 [INFO] PluginManager:220 - loadIPPluginJar : add freertos
2025-01-08 21:23:52,106 [INFO] IPUIPlugin:80 - create IPUIPlugin
2025-01-08 21:23:52,106 [INFO] PluginManager:220 - loadIPPluginJar : add genericplugin
2025-01-08 21:23:52,107 [INFO] IPUIPlugin:80 - create IPUIPlugin
2025-01-08 21:23:52,107 [INFO] PluginManager:220 - loadIPPluginJar : add gfxmmu
2025-01-08 21:23:52,110 [INFO] IPUIPlugin:80 - create IPUIPlugin
2025-01-08 21:23:52,110 [INFO] PluginManager:220 - loadIPPluginJar : add gic
2025-01-08 21:23:52,112 [INFO] IPUIPlugin:80 - create IPUIPlugin
2025-01-08 21:23:52,112 [INFO] PluginManager:220 - loadIPPluginJar : add gpio
2025-01-08 21:23:52,114 [INFO] IPUIPlugin:80 - create IPUIPlugin
2025-01-08 21:23:52,114 [INFO] PluginManager:220 - loadIPPluginJar : add gtzc
2025-01-08 21:23:52,116 [INFO] IPUIPlugin:80 - create IPUIPlugin
2025-01-08 21:23:52,116 [INFO] PluginManager:220 - loadIPPluginJar : add hash
2025-01-08 21:23:52,118 [INFO] IPUIPlugin:80 - create IPUIPlugin
2025-01-08 21:23:52,118 [INFO] PluginManager:220 - loadIPPluginJar : add i2c
2025-01-08 21:23:52,121 [INFO] IPUIPlugin:80 - create IPUIPlugin
2025-01-08 21:23:52,122 [INFO] PluginManager:220 - loadIPPluginJar : add i2s
2025-01-08 21:23:52,124 [INFO] IPUIPlugin:80 - create IPUIPlugin
2025-01-08 21:23:52,124 [INFO] PluginManager:220 - loadIPPluginJar : add i3c
2025-01-08 21:23:52,127 [INFO] IPUIPlugin:80 - create IPUIPlugin
2025-01-08 21:23:52,128 [INFO] PluginManager:220 - loadIPPluginJar : add ipddr
2025-01-08 21:23:52,132 [INFO] IPUIPlugin:80 - create IPUIPlugin
2025-01-08 21:23:52,133 [INFO] PluginManager:220 - loadIPPluginJar : add linkedlist
2025-01-08 21:23:52,138 [INFO] IPUIPlugin:80 - create IPUIPlugin
2025-01-08 21:23:52,138 [INFO] PluginManager:220 - loadIPPluginJar : add lorawan
2025-01-08 21:23:52,139 [INFO] IPUIPlugin:80 - create IPUIPlugin
2025-01-08 21:23:52,139 [INFO] PluginManager:220 - loadIPPluginJar : add ltdc
2025-01-08 21:23:52,144 [INFO] IPUIPlugin:80 - create IPUIPlugin
2025-01-08 21:23:52,145 [INFO] PluginManager:220 - loadIPPluginJar : add mdma
2025-01-08 21:23:52,147 [INFO] IPUIPlugin:80 - create IPUIPlugin
2025-01-08 21:23:52,147 [INFO] PluginManager:220 - loadIPPluginJar : add nvic
2025-01-08 21:23:52,148 [INFO] IPUIPlugin:80 - create IPUIPlugin
2025-01-08 21:23:52,148 [INFO] PluginManager:220 - loadIPPluginJar : add opamp
2025-01-08 21:23:52,150 [INFO] IPUIPlugin:80 - create IPUIPlugin
2025-01-08 21:23:52,150 [INFO] PluginManager:220 - loadIPPluginJar : add openamp
2025-01-08 21:23:52,152 [INFO] IPUIPlugin:80 - create IPUIPlugin
2025-01-08 21:23:52,152 [INFO] PluginManager:220 - loadIPPluginJar : add pdm2pcm
2025-01-08 21:23:52,156 [INFO] IPUIPlugin:80 - create IPUIPlugin
2025-01-08 21:23:52,162 [INFO] PluginManager:220 - loadIPPluginJar : add plateformsettings
2025-01-08 21:23:52,164 [INFO] IPUIPlugin:80 - create IPUIPlugin
2025-01-08 21:23:52,164 [INFO] PluginManager:220 - loadIPPluginJar : add quadspi
2025-01-08 21:23:52,166 [INFO] IPUIPlugin:80 - create IPUIPlugin
2025-01-08 21:23:52,167 [INFO] PluginManager:220 - loadIPPluginJar : add radio
2025-01-08 21:23:52,169 [INFO] IPUIPlugin:80 - create IPUIPlugin
2025-01-08 21:23:52,169 [INFO] PluginManager:220 - loadIPPluginJar : add resmgrutility
2025-01-08 21:23:52,171 [INFO] IPUIPlugin:80 - create IPUIPlugin
2025-01-08 21:23:52,171 [INFO] PluginManager:220 - loadIPPluginJar : add sai
2025-01-08 21:23:52,172 [INFO] IPUIPlugin:80 - create IPUIPlugin
2025-01-08 21:23:52,172 [INFO] PluginManager:220 - loadIPPluginJar : add spi
2025-01-08 21:23:52,175 [INFO] IPUIPlugin:80 - create IPUIPlugin
2025-01-08 21:23:52,175 [INFO] PluginManager:220 - loadIPPluginJar : add stm32_wpan
2025-01-08 21:23:52,177 [INFO] IPUIPlugin:80 - create IPUIPlugin
2025-01-08 21:23:52,177 [INFO] PluginManager:220 - loadIPPluginJar : add tim
2025-01-08 21:23:52,178 [INFO] IPUIPlugin:80 - create IPUIPlugin
2025-01-08 21:23:52,179 [INFO] PluginManager:220 - loadIPPluginJar : add touchsensing
2025-01-08 21:23:52,180 [INFO] IPUIPlugin:80 - create IPUIPlugin
2025-01-08 21:23:52,180 [INFO] PluginManager:220 - loadIPPluginJar : add tracer_emb
2025-01-08 21:23:52,181 [INFO] IPUIPlugin:80 - create IPUIPlugin
2025-01-08 21:23:52,181 [INFO] PluginManager:220 - loadIPPluginJar : add ts
2025-01-08 21:23:52,182 [INFO] IPUIPlugin:80 - create IPUIPlugin
2025-01-08 21:23:52,182 [INFO] PluginManager:220 - loadIPPluginJar : add tsc
2025-01-08 21:23:52,185 [INFO] IPUIPlugin:80 - create IPUIPlugin
2025-01-08 21:23:52,185 [INFO] PluginManager:220 - loadIPPluginJar : add ucpd
2025-01-08 21:23:52,187 [INFO] IPUIPlugin:80 - create IPUIPlugin
2025-01-08 21:23:52,188 [INFO] PluginManager:220 - loadIPPluginJar : add usart
2025-01-08 21:23:52,191 [INFO] IPUIPlugin:80 - create IPUIPlugin
2025-01-08 21:23:52,191 [INFO] PluginManager:220 - loadIPPluginJar : add usbx
2025-01-08 21:23:52,308 [INFO] CADModel:165 - CPN selected for project level
2025-01-08 21:23:52,309 [INFO] CADModel:114 - Register for checkConnection events
2025-01-08 21:23:52,309 [FATAL] Updater:334 - Updater called before beeing initialized
2025-01-08 21:23:52,309 [ERROR] CADModel:125 - Updater not yet initialized, retry later 
2025-01-08 21:23:52,415 [INFO] CADModel:165 - CPN selected for project level
2025-01-08 21:23:52,415 [INFO] CADModel:114 - Register for checkConnection events
2025-01-08 21:23:52,415 [FATAL] Updater:334 - Updater called before beeing initialized
2025-01-08 21:23:52,415 [ERROR] CADModel:125 - Updater not yet initialized, retry later 
2025-01-08 21:23:52,417 [FATAL] Updater:334 - Updater called before beeing initialized
2025-01-08 21:23:52,529 [FATAL] Updater:334 - Updater called before beeing initialized
2025-01-08 21:23:52,541 [INFO] DbMcusAds:53 - JSON generation date=Fri Sep 20 20:04:23 ICT 2024 (1726837463113)
2025-01-08 21:23:52,541 [FATAL] Updater:334 - Updater called before beeing initialized
2025-01-08 21:23:52,574 [WARN] DetailPanel:346 - Failed to get advertising image, set to default
2025-01-08 21:23:52,651 [FATAL] Updater:334 - Updater called before beeing initialized
2025-01-08 21:23:52,652 [FATAL] Updater:334 - Updater called before beeing initialized
2025-01-08 21:23:52,652 [FATAL] Updater:334 - Updater called before beeing initialized
2025-01-08 21:23:52,652 [WARN] DetailPanel:346 - Failed to get advertising image, set to default
2025-01-08 21:23:52,653 [FATAL] Updater:334 - Updater called before beeing initialized
2025-01-08 21:23:52,704 [ERROR] Updater:1164 - MainUpdater not yet initialized. External WinMGr cannot be set.
2025-01-08 21:23:52,708 [INFO] Updater:1100 - Updater Version found : 6.12.1
2025-01-08 21:23:52,739 [INFO] ApplicationProperties:184 - Using Application install path: D:\STM32CubeIDE_1.16.1\STM32CubeIDE\plugins\com.st.stm32cube.common.mx_6.12.1.202409122256
2025-01-08 21:23:54,308 [ERROR] LogOutputStream:75 - [STDERR_REDIRECT] Jan 08, 2025 9:23:54 PM java.util.prefs.WindowsPreferences <init>
2025-01-08 21:23:54,310 [ERROR] LogOutputStream:75 - [STDERR_REDIRECT] WARNING: Could not open/create prefs root node Software\JavaSoft\Prefs at root 0xffffffff80000002. Windows RegCreateKeyEx(...) returned error code 5.
2025-01-08 21:23:54,310 [ERROR] LogOutputStream:75 - [STDERR_REDIRECT] 
2025-01-08 21:23:54,676 [INFO] ThirdPartyUpdaterWithRetryManager:70 - Updater plugin not ready yet. [2/15]
2025-01-08 21:23:54,768 [INFO] MainUpdater:2873 - connection check result : 10
2025-01-08 21:23:54,769 [INFO] MainUpdater:290 - Updater Check For Update Now.
2025-01-08 21:23:54,769 [INFO] MicroXplorer:498 - Change Database Version : DB.6.0.121
2025-01-08 21:23:54,779 [INFO] McuFinderGlobals:63 - Set McuFinder mode to 2 (CubeIDE integrated)
2025-01-08 21:23:54,779 [INFO] UserAuth:179 - activating auth plugin
2025-01-08 21:23:54,782 [INFO] UserAuth:417 - Internet connection configuration mode: 1
2025-01-08 21:23:54,856 [INFO] JxBrowserEngine:152 - Initiate JxBrowser Engine with user profile folder
2025-01-08 21:23:54,972 [INFO] CheckServerUpdateThread:120 - End of CheckServer Thread
2025-01-08 21:23:55,532 [INFO] WebApp:167 - Instantiating new browser for Auth
2025-01-08 21:23:56,136 [INFO] WebApp:448 - Apply proxy settings
2025-01-08 21:23:56,137 [INFO] WebApp:533 - Chromium requires no authentication
2025-01-08 21:23:56,142 [INFO] WebApp:476 - Direct internet connection detected
2025-01-08 21:23:56,157 [INFO] WebApp:869 - Register for checkConnection events
2025-01-08 21:23:56,158 [INFO] WebApp:448 - Apply proxy settings
2025-01-08 21:23:56,158 [INFO] WebApp:533 - Chromium requires no authentication
2025-01-08 21:23:56,158 [INFO] WebApp:476 - Direct internet connection detected
2025-01-08 21:23:56,284 [INFO] WebApp:220 - Starting web application
2025-01-08 21:23:56,284 [INFO] WebApp:578 - Web application path used D:\STM32CubeIDE_1.16.1\STM32CubeIDE\plugins\com.st.stm32cube.common.mx_6.12.1.202409122256\db\plugins\mcufinder\reactClient1\index.html
2025-01-08 21:23:56,528 [INFO] WebApp:186 - Connection restablished
2025-01-08 21:23:57,868 [WARN] PackLoader:240 - Cannot read IP mode file for STMicroelectronics.FP-SNS-MOTENVWB1.1.4.0
2025-01-08 21:23:57,884 [WARN] PackLoader:240 - Cannot read IP mode file for STMicroelectronics.FP-ATR-ASTRA1.2.0.1
2025-01-08 21:23:57,910 [WARN] PackLoader:240 - Cannot read IP mode file for STMicroelectronics.X-CUBE-SMBUS.2.1.0
2025-01-08 21:23:57,921 [WARN] PackLoader:240 - Cannot read IP mode file for STMicroelectronics.X-CUBE-WB05N.1.1.0
2025-01-08 21:23:57,970 [WARN] PackLoader:240 - Cannot read IP mode file for STMicroelectronics.X-CUBE-AZRTOS-F7.1.1.0
2025-01-08 21:23:58,050 [WARN] PackLoader:240 - Cannot read IP mode file for STMicroelectronics.X-CUBE-MEMS1.11.0.0
2025-01-08 21:23:58,190 [WARN] PackLoader:240 - Cannot read IP mode file for STMicroelectronics.FP-SNS-FLIGHT1.5.0.2
2025-01-08 21:23:58,200 [WARN] PackLoader:240 - Cannot read IP mode file for STMicroelectronics.X-CUBE-DISPLAY.3.0.0
2025-01-08 21:23:58,208 [WARN] PackLoader:240 - Cannot read IP mode file for STMicroelectronics.X-CUBE-BLE1.7.0.0
2025-01-08 21:23:58,213 [WARN] PackLoader:240 - Cannot read IP mode file for STMicroelectronics.X-CUBE-NFC10.1.0.0
2025-01-08 21:23:58,224 [WARN] PackLoader:240 - Cannot read IP mode file for STMicroelectronics.X-CUBE-BLEMGR.4.0.0
2025-01-08 21:23:58,232 [WARN] PackLoader:240 - Cannot read IP mode file for emotas.I-CUBE-CANOPEN.1.3.0
2025-01-08 21:23:58,239 [WARN] PackLoader:240 - Cannot read IP mode file for STMicroelectronics.X-CUBE-BLEMGR.3.1.0
2025-01-08 21:23:58,248 [WARN] PackLoader:240 - Cannot read IP mode file for STMicroelectronics.FP-SNS-SMARTAG2.1.2.0
2025-01-08 21:23:58,328 [WARN] PackLoader:240 - Cannot read IP mode file for STMicroelectronics.X-CUBE-MEMS1.11.1.0
2025-01-08 21:23:58,462 [INFO] LogOutputStream:77 - [STDOUT_REDIRECT] 1 : Invalid condition id : UX_CORESTACK_Condition cause : null
2025-01-08 21:23:58,464 [INFO] LogOutputStream:77 - [STDOUT_REDIRECT] 1 : Invalid condition id : UX_CORESTACK_Condition cause : null
2025-01-08 21:23:58,466 [INFO] LogOutputStream:77 - [STDOUT_REDIRECT] 1 : Invalid condition id : UX_CORESTACK_Condition cause : null
2025-01-08 21:23:58,467 [INFO] LogOutputStream:77 - [STDOUT_REDIRECT] 1 : Invalid condition id : UX_CORESTACK_Condition cause : null
2025-01-08 21:23:58,469 [INFO] LogOutputStream:77 - [STDOUT_REDIRECT] 1 : Invalid condition id : UX_CORESTACK_Condition cause : null
2025-01-08 21:23:58,472 [WARN] PackLoader:240 - Cannot read IP mode file for STMicroelectronics.X-CUBE-AZRTOS-WL.2.0.0
2025-01-08 21:23:58,476 [WARN] PackLoader:240 - Cannot read IP mode file for STMicroelectronics.FP-SNS-MOTENV1.5.0.0
2025-01-08 21:23:58,480 [WARN] PackLoader:240 - Cannot read IP mode file for wolfSSL.I-CUBE-wolfMQTT.1.19.0
2025-01-08 21:23:58,492 [WARN] PackLoader:240 - Cannot read IP mode file for WES.I-CUBE-Cesium.1.3.0
2025-01-08 21:23:58,496 [WARN] PackLoader:240 - Cannot read IP mode file for STMicroelectronics.X-CUBE-BLE2.3.3.0
2025-01-08 21:23:58,500 [WARN] PackLoader:240 - Cannot read IP mode file for STMicroelectronics.X-CUBE-NFC9.1.0.0
2025-01-08 21:23:58,506 [WARN] PackLoader:240 - Cannot read IP mode file for STMicroelectronics.X-CUBE-TCPP.4.1.0
2025-01-08 21:23:58,518 [WARN] PackLoader:240 - Cannot read IP mode file for STMicroelectronics.X-CUBE-AZRTOS-G0.1.1.0
2025-01-08 21:23:58,524 [WARN] PackLoader:240 - Cannot read IP mode file for STMicroelectronics.X-CUBE-SAFEA1.1.2.2
2025-01-08 21:23:58,529 [WARN] PackLoader:240 - Cannot read IP mode file for STMicroelectronics.X-CUBE-NFC4.3.0.0
2025-01-08 21:23:58,537 [WARN] PackLoader:240 - Cannot read IP mode file for EmbeddedOffice.I-CUBE-FS-RTOS.1.0.1
2025-01-08 21:23:58,538 [ERROR] ConditionMgr:805 - Attr not supported : Dmpu
2025-01-08 21:23:58,538 [ERROR] ConditionMgr:805 - Attr not supported : Dmpu
2025-01-08 21:23:58,538 [ERROR] ConditionMgr:805 - Attr not supported : Dmpu
2025-01-08 21:23:58,538 [ERROR] ConditionMgr:805 - Attr not supported : Dmpu
2025-01-08 21:23:58,538 [ERROR] ConditionMgr:805 - Attr not supported : Dmpu
2025-01-08 21:23:58,538 [ERROR] ConditionMgr:805 - Attr not supported : Dmpu
2025-01-08 21:23:58,538 [ERROR] ConditionMgr:805 - Attr not supported : Dmpu
2025-01-08 21:23:58,538 [ERROR] ConditionMgr:805 - Attr not supported : Dmpu
2025-01-08 21:23:58,538 [ERROR] ConditionMgr:805 - Attr not supported : Dmpu
2025-01-08 21:23:58,538 [ERROR] ConditionMgr:805 - Attr not supported : Dmpu
2025-01-08 21:23:58,538 [ERROR] ConditionMgr:805 - Attr not supported : Dmpu
2025-01-08 21:23:58,538 [ERROR] ConditionMgr:805 - Attr not supported : Dmpu
2025-01-08 21:23:58,538 [ERROR] ConditionMgr:805 - Attr not supported : Dmpu
2025-01-08 21:23:58,538 [ERROR] ConditionMgr:805 - Attr not supported : Dmpu
2025-01-08 21:23:58,539 [ERROR] ConditionMgr:805 - Attr not supported : Dmpu
2025-01-08 21:23:58,539 [ERROR] ConditionMgr:805 - Attr not supported : Dmpu
2025-01-08 21:23:58,539 [ERROR] ConditionMgr:805 - Attr not supported : Dmpu
2025-01-08 21:23:58,539 [ERROR] ConditionMgr:805 - Attr not supported : Dmpu
2025-01-08 21:23:58,539 [ERROR] ConditionMgr:805 - Attr not supported : Dmpu
2025-01-08 21:23:58,539 [ERROR] ConditionMgr:805 - Attr not supported : Dmpu
2025-01-08 21:23:58,539 [ERROR] ConditionMgr:805 - Attr not supported : Dmpu
2025-01-08 21:23:58,539 [ERROR] ConditionMgr:805 - Attr not supported : Dmpu
2025-01-08 21:23:58,539 [ERROR] ConditionMgr:805 - Attr not supported : Dmpu
2025-01-08 21:23:58,539 [ERROR] ConditionMgr:805 - Attr not supported : Dmpu
2025-01-08 21:23:58,539 [ERROR] ConditionMgr:805 - Attr not supported : Dmpu
2025-01-08 21:23:58,539 [ERROR] ConditionMgr:805 - Attr not supported : Dmpu
2025-01-08 21:23:58,539 [ERROR] ConditionMgr:805 - Attr not supported : Dmpu
2025-01-08 21:23:58,539 [ERROR] ConditionMgr:805 - Attr not supported : Dmpu
2025-01-08 21:23:58,539 [ERROR] ConditionMgr:805 - Attr not supported : Dmpu
2025-01-08 21:23:58,539 [ERROR] ConditionMgr:805 - Attr not supported : Dmpu
2025-01-08 21:23:58,539 [ERROR] ConditionMgr:805 - Attr not supported : Dmpu
2025-01-08 21:23:58,540 [ERROR] ConditionMgr:805 - Attr not supported : Dmpu
2025-01-08 21:23:58,540 [ERROR] ConditionMgr:805 - Attr not supported : Dmpu
2025-01-08 21:23:58,540 [ERROR] ConditionMgr:805 - Attr not supported : Dmpu
2025-01-08 21:23:58,540 [ERROR] ConditionMgr:805 - Attr not supported : Dmpu
2025-01-08 21:23:58,540 [ERROR] ConditionMgr:805 - Attr not supported : Dmpu
2025-01-08 21:23:58,540 [ERROR] ConditionMgr:805 - Attr not supported : Dmpu
2025-01-08 21:23:58,540 [ERROR] ConditionMgr:805 - Attr not supported : Dmpu
2025-01-08 21:23:58,540 [ERROR] ConditionMgr:805 - Attr not supported : Dmpu
2025-01-08 21:23:58,540 [ERROR] ConditionMgr:805 - Attr not supported : Dmpu
2025-01-08 21:23:58,540 [ERROR] ConditionMgr:805 - Attr not supported : Dmpu
2025-01-08 21:23:58,540 [ERROR] ConditionMgr:805 - Attr not supported : Dmpu
2025-01-08 21:23:58,540 [ERROR] ConditionMgr:805 - Attr not supported : Dmpu
2025-01-08 21:23:58,540 [ERROR] ConditionMgr:805 - Attr not supported : Dmpu
2025-01-08 21:23:58,540 [ERROR] ConditionMgr:805 - Attr not supported : Dmpu
2025-01-08 21:23:58,540 [ERROR] ConditionMgr:805 - Attr not supported : Dmpu
2025-01-08 21:23:58,540 [ERROR] ConditionMgr:805 - Attr not supported : Dmpu
2025-01-08 21:23:58,540 [ERROR] ConditionMgr:805 - Attr not supported : Dmpu
2025-01-08 21:23:58,540 [ERROR] ConditionMgr:805 - Attr not supported : Dmpu
2025-01-08 21:23:58,541 [ERROR] ConditionMgr:805 - Attr not supported : Dmpu
2025-01-08 21:23:58,541 [ERROR] ConditionMgr:805 - Attr not supported : Dmpu
2025-01-08 21:23:58,541 [ERROR] ConditionMgr:805 - Attr not supported : Dmpu
2025-01-08 21:23:58,541 [ERROR] ConditionMgr:805 - Attr not supported : Dmpu
2025-01-08 21:23:58,541 [ERROR] ConditionMgr:805 - Attr not supported : Dmpu
2025-01-08 21:23:58,541 [ERROR] ConditionMgr:805 - Attr not supported : Dmpu
2025-01-08 21:23:58,541 [ERROR] ConditionMgr:805 - Attr not supported : Dmpu
2025-01-08 21:23:58,541 [ERROR] ConditionMgr:805 - Attr not supported : Dmpu
2025-01-08 21:23:58,541 [ERROR] ConditionMgr:805 - Attr not supported : Dmpu
2025-01-08 21:23:58,541 [ERROR] ConditionMgr:805 - Attr not supported : Dmpu
2025-01-08 21:23:58,541 [ERROR] ConditionMgr:805 - Attr not supported : Dmpu
2025-01-08 21:23:58,541 [ERROR] ConditionMgr:805 - Attr not supported : Dmpu
2025-01-08 21:23:58,541 [ERROR] ConditionMgr:805 - Attr not supported : Dmpu
2025-01-08 21:23:58,541 [ERROR] ConditionMgr:805 - Attr not supported : Dmpu
2025-01-08 21:23:58,541 [ERROR] ConditionMgr:805 - Attr not supported : Dmpu
2025-01-08 21:23:58,547 [ERROR] Engine:466 - C:\Users\AD\.stm32cubemx\thirdparties\pdsc\STMicroelectronics.X-CUBE-TCPP.4.2.0.pdsc: PDSC version is not supported
2025-01-08 21:23:58,550 [WARN] PackLoader:240 - Cannot read IP mode file for RealThread.X-CUBE-RT-Thread_Nano.4.1.1
2025-01-08 21:23:58,554 [WARN] PackLoader:240 - Cannot read IP mode file for STMicroelectronics.FP-ATR-SIGFOX1.3.2.0
2025-01-08 21:23:58,557 [WARN] PackLoader:240 - Cannot read IP mode file for wolfSSL.I-CUBE-wolfSSL.5.7.2
2025-01-08 21:23:58,560 [WARN] ConditionMgr:438 - getConditionDescription Invalid condition id : Cortex-A Device cause : null
2025-01-08 21:23:58,585 [WARN] ConditionMgr:1039 - genDependencies : Invalid condition id : Cortex-A Device cause : null
2025-01-08 21:23:58,586 [WARN] ConditionMgr:1039 - genDependencies : Invalid condition id : Cortex-A Device cause : null
2025-01-08 21:23:58,586 [WARN] ConditionMgr:1039 - genDependencies : Invalid condition id : Cortex-A Device cause : null
2025-01-08 21:23:58,590 [WARN] PackLoader:240 - Cannot read IP mode file for STMicroelectronics.X-CUBE-EEPRMA1.5.1.0
2025-01-08 21:23:58,595 [WARN] PackLoader:240 - Cannot read IP mode file for ITTIA_DB.I-CUBE-ITTIADB.8.9.0
2025-01-08 21:23:58,623 [WARN] PackLoader:240 - Cannot read IP mode file for SEGGER.I-CUBE-embOS.1.3.1
2025-01-08 21:23:58,657 [WARN] PackLoader:240 - Cannot read IP mode file for STMicroelectronics.X-CUBE-ALGOBUILD.1.4.0
2025-01-08 21:23:58,661 [WARN] PackLoader:240 - Cannot read IP mode file for STMicroelectronics.X-CUBE-AI.9.1.0
2025-01-08 21:23:58,673 [WARN] PackLoader:240 - Cannot read IP mode file for STMicroelectronics.X-CUBE-AZRTOS-F4.1.1.0
2025-01-08 21:23:58,678 [WARN] PackLoader:240 - Cannot read IP mode file for STMicroelectronics.X-CUBE-ISPU.2.1.0
2025-01-08 21:23:58,682 [WARN] PackLoader:240 - Cannot read IP mode file for STMicroelectronics.X-CUBE-FREERTOS.1.2.0
2025-01-08 21:23:58,694 [WARN] PackLoader:240 - Cannot read IP mode file for STMicroelectronics.X-CUBE-AZRTOS-L5.2.0.0
2025-01-08 21:23:58,701 [WARN] PackLoader:240 - Cannot read IP mode file for STMicroelectronics.X-CUBE-NFC6.3.1.0
2025-01-08 21:23:58,705 [WARN] PackLoader:240 - Cannot read IP mode file for STMicroelectronics.X-CUBE-AI.9.0.0
2025-01-08 21:23:58,708 [WARN] PackLoader:240 - Cannot read IP mode file for STMicroelectronics.X-CUBE-FREERTOS.1.3.0
2025-01-08 21:23:58,712 [WARN] PackLoader:240 - Cannot read IP mode file for STMicroelectronics.X-CUBE-NFC7.1.0.1
2025-01-08 21:23:58,725 [WARN] ConditionMgr:438 - getConditionDescription Invalid condition id : LAN8742 Phy interface Condition cause : null
2025-01-08 21:23:58,726 [WARN] PackLoader:240 - Cannot read IP mode file for STMicroelectronics.X-CUBE-AZRTOS-L4.2.0.0
2025-01-08 21:23:58,726 [WARN] ConditionMgr:1039 - genDependencies : Invalid condition id : LAN8742 Phy interface Condition cause : null
2025-01-08 21:23:58,727 [WARN] ConditionMgr:1039 - genDependencies : Invalid condition id : LAN8742 Phy interface Condition cause : null
2025-01-08 21:23:58,727 [WARN] ConditionMgr:1039 - genDependencies : Invalid condition id : LAN8742 Phy interface Condition cause : null
2025-01-08 21:23:58,733 [WARN] PackLoader:240 - Cannot read IP mode file for STMicroelectronics.X-CUBE-SFXS2LP1.4.0.0
2025-01-08 21:23:58,748 [WARN] PackLoader:240 - Cannot read IP mode file for STMicroelectronics.X-CUBE-AZRTOS-H7.3.3.0
2025-01-08 21:23:58,757 [WARN] PackLoader:240 - Cannot read IP mode file for STMicroelectronics.X-CUBE-IPS.3.0.0
2025-01-08 21:23:58,768 [WARN] ConditionMgr:438 - getConditionDescription Invalid condition id : UX DEVICE CLASS RTOS Condition cause : null
2025-01-08 21:23:58,769 [WARN] ConditionMgr:438 - getConditionDescription Invalid condition id : UX DEVICE CLASS RTOS Condition cause : null
2025-01-08 21:23:58,770 [WARN] PackLoader:240 - Cannot read IP mode file for STMicroelectronics.X-CUBE-AZRTOS-WB.2.0.0
2025-01-08 21:23:58,770 [WARN] ConditionMgr:1039 - genDependencies : Invalid condition id : UX DEVICE CLASS RTOS Condition cause : null
2025-01-08 21:23:58,770 [WARN] ConditionMgr:1039 - genDependencies : Invalid condition id : UX DEVICE CLASS RTOS Condition cause : null
2025-01-08 21:23:58,771 [WARN] ConditionMgr:1039 - genDependencies : Invalid condition id : UX DEVICE CLASS RTOS Condition cause : null
2025-01-08 21:23:58,771 [WARN] ConditionMgr:1039 - genDependencies : Invalid condition id : UX DEVICE CLASS RTOS Condition cause : null
2025-01-08 21:23:58,771 [WARN] ConditionMgr:1039 - genDependencies : Invalid condition id : UX DEVICE CLASS RTOS Condition cause : null
2025-01-08 21:23:58,775 [WARN] PackLoader:240 - Cannot read IP mode file for STMicroelectronics.X-CUBE-GNSS1.7.0.0
2025-01-08 21:23:58,779 [WARN] PackLoader:240 - Cannot read IP mode file for STMicroelectronics.X-CUBE-GNSS1.7.0.1
2025-01-08 21:23:58,785 [WARN] PackLoader:240 - Cannot read IP mode file for STMicroelectronics.X-CUBE-SUBG2.5.0.0
2025-01-08 21:23:58,791 [WARN] PackLoader:240 - Cannot read IP mode file for Cesanta.I-CUBE-Mongoose.7.13.0
2025-01-08 21:23:58,806 [WARN] PackLoader:240 - Cannot read IP mode file for STMicroelectronics.X-CUBE-AZRTOS-G4.2.0.0
2025-01-08 21:23:58,811 [WARN] PackLoader:240 - Cannot read IP mode file for STMicroelectronics.X-CUBE-ALS.1.0.2
2025-01-08 21:23:58,820 [WARN] PackLoader:240 - Cannot read IP mode file for STMicroelectronics.X-CUBE-TOUCHGFX.4.24.1
2025-01-08 21:23:58,823 [WARN] PackLoader:240 - Cannot read IP mode file for wolfSSL.I-CUBE-wolfTPM.3.4.0
2025-01-08 21:23:58,827 [WARN] PackLoader:240 - Cannot read IP mode file for portGmbH.I-Cube-SoM-uGOAL.1.1.0
2025-01-08 21:23:58,839 [WARN] PackLoader:240 - Cannot read IP mode file for STMicroelectronics.X-CUBE-AZRTOS-H7RS.1.0.0
2025-01-08 21:23:58,843 [WARN] PackLoader:240 - Cannot read IP mode file for STMicroelectronics.FP-ATR-ASTRA1.2.0.0
2025-01-08 21:23:58,850 [WARN] PackLoader:240 - Cannot read IP mode file for STMicroelectronics.X-CUBE-TOF1.3.4.2
2025-01-08 21:23:58,871 [WARN] PackLoader:240 - Cannot read IP mode file for Infineon.AIROC-Wi-Fi-Bluetooth-STM32.1.6.1
2025-01-08 21:23:58,877 [WARN] PackLoader:240 - Cannot read IP mode file for wolfSSL.I-CUBE-wolfSSH.1.4.17
2025-01-08 21:23:58,879 [INFO] ThirdParty:978 - Integrity check success = true
2025-01-08 21:23:58,879 [INFO] IntegrityCheckThread:100 - exiting critical section [integrity check]
2025-01-08 21:23:58,879 [INFO] IntegrityCheckThread:103 - End integrity checks thread
2025-01-08 21:26:09,659 [INFO] Activator:176 - 


2025-01-08 21:26:09,660 [INFO] Activator:177 - !SESSION log4j initialized
2025-01-08 21:26:15,875 [INFO] LogOutputStream:77 - [STDOUT_REDIRECT] 
